<?xml version="1.0" encoding="UTF-8"?>
<!-- Generated by org.testng.reporters.JUnitXMLReporter -->
<testsuite ignored="0" hostname="bcedbeeced305234544baaaccbaafebfafive-0" failures="0" tests="3" name="Surefire test" time="33.293" errors="0" timestamp="2023-09-19T16:19:37 UTC">
  <testcase classname="runner.Testcase2" name="TC_002" time="8.904"/>
  <testcase classname="runner.Testcase1" name="TC_001" time="5.621"/>
  <testcase classname="runner.Testcase3" name="TC_003" time="9.974"/>
</testsuite> <!-- Surefire test -->
