<?xml version="1.0" encoding="UTF-8"?>
<!-- Generated by org.testng.reporters.JUnitXMLReporter -->
<testsuite ignored="0" hostname="bcedbeeced305234544baaaccbaafebfafive-0" failures="0" tests="3" name="Surefire test" time="35.055" errors="0" timestamp="2023-09-19T16:09:25 UTC">
  <testcase classname="runner.Testcase2" name="TC_002" time="10.44"/>
  <testcase classname="runner.Testcase1" name="TC_001" time="5.735"/>
  <testcase classname="runner.Testcase3" name="TC_003" time="9.786"/>
</testsuite> <!-- Surefire test -->
