<?xml version="1.0" encoding="UTF-8"?>
<!-- Generated by org.testng.reporters.JUnitXMLReporter -->
<testsuite ignored="0" hostname="seleniuminstance2-0" failures="1" tests="3" name="Surefire test" time="32.233" errors="0" timestamp="2023-09-19T04:01:54 UTC">
  <testcase classname="runner.Testcase1" name="TC_001" time="1.018">
    <failure type="java.lang.Error" message="Unresolved compilation problem: 
	The method getScreenShot(WebDriver, String) in the type Screenshot is not applicable for the arguments (String)
">
      <![CDATA[java.lang.Error: Unresolved compilation problem: 
The method getScreenShot(WebDriver, String) in the type Screenshot is not applicable for the arguments (String)

at pages.homepage.Valid_Login_TC(homepage.java:72)
at runner.Testcase1.TC_001(Testcase1.java:32)
at java.base/java.util.ArrayList.forEach(ArrayList.java:1541)
... Removed 32 stack frames]]>
    </failure>
  </testcase> <!-- TC_001 -->
  <testcase classname="runner.Testcase1" name="TC_002" time="11.847"/>
  <testcase classname="runner.Testcase1" name="TC_003" time="9.034"/>
</testsuite> <!-- Surefire test -->
